0 info it worked if it ends with ok
1 verbose cli [ '/usr/local/bin/node', '/usr/local/bin/npm', 'install', '-d' ]
2 info using npm@3.3.6
3 info using node@v5.0.0
4 silly loadCurrentTree Starting
5 silly install loadCurrentTree
6 silly install readLocalPackageData
7 silly install normalizeTree
8 silly loadCurrentTree Finishing
9 silly loadIdealTree Starting
10 silly install loadIdealTree
11 silly cloneCurrentTree Starting
12 silly install cloneCurrentTreeToIdealTree
13 silly cloneCurrentTree Finishing
14 silly loadShrinkwrap Starting
15 silly install loadShrinkwrap
16 silly loadShrinkwrap Finishing
17 silly loadAllDepsIntoIdealTree Starting
18 silly install loadAllDepsIntoIdealTree
19 silly fetchNamedPackageData node.extend
20 silly mapToRegistry name node.extend
21 silly mapToRegistry using default registry
22 silly mapToRegistry registry https://registry.npmjs.org/
23 silly mapToRegistry uri https://registry.npmjs.org/node.extend
24 silly fetchNamedPackageData socket.io
25 silly mapToRegistry name socket.io
26 silly mapToRegistry using default registry
27 silly mapToRegistry registry https://registry.npmjs.org/
28 silly mapToRegistry uri https://registry.npmjs.org/socket.io
29 verbose request uri https://registry.npmjs.org/node.extend
30 verbose request no auth needed
31 info attempt registry request try #1 at 3:36:13 PM
32 verbose request id e53a688e688d1bbd
33 http request GET https://registry.npmjs.org/node.extend
34 verbose request uri https://registry.npmjs.org/socket.io
35 verbose request no auth needed
36 info attempt registry request try #1 at 3:36:13 PM
37 verbose etag "CT3T0ZTX2M09LHVBYSRRNIK3Y"
38 http request GET https://registry.npmjs.org/socket.io
39 info retry will retry, error on last attempt: Error: getaddrinfo ENOTFOUND registry.npmjs.org registry.npmjs.org:443
40 info retry will retry, error on last attempt: Error: getaddrinfo ENOTFOUND registry.npmjs.org registry.npmjs.org:443
41 info attempt registry request try #2 at 3:36:37 PM
42 verbose etag "CT3T0ZTX2M09LHVBYSRRNIK3Y"
43 http request GET https://registry.npmjs.org/socket.io
44 info retry will retry, error on last attempt: Error: getaddrinfo ENOTFOUND registry.npmjs.org registry.npmjs.org:443
45 info attempt registry request try #2 at 3:36:37 PM
46 http request GET https://registry.npmjs.org/node.extend
47 info retry will retry, error on last attempt: Error: getaddrinfo ENOTFOUND registry.npmjs.org registry.npmjs.org:443
48 info attempt registry request try #3 at 3:37:37 PM
49 verbose etag "CT3T0ZTX2M09LHVBYSRRNIK3Y"
50 http request GET https://registry.npmjs.org/socket.io
51 info attempt registry request try #3 at 3:37:37 PM
52 http request GET https://registry.npmjs.org/node.extend
53 silly fetchPackageMetaData Error: getaddrinfo ENOTFOUND registry.npmjs.org registry.npmjs.org:443
53 silly fetchPackageMetaData     at errnoException (dns.js:26:10)
53 silly fetchPackageMetaData     at GetAddrInfoReqWrap.onlookup [as oncomplete] (dns.js:77:26)
53 silly fetchPackageMetaData  error for node.extend@^1.1.5 { [Error: getaddrinfo ENOTFOUND registry.npmjs.org registry.npmjs.org:443]
53 silly fetchPackageMetaData   code: 'ENOTFOUND',
53 silly fetchPackageMetaData   errno: 'ENOTFOUND',
53 silly fetchPackageMetaData   syscall: 'getaddrinfo',
53 silly fetchPackageMetaData   hostname: 'registry.npmjs.org',
53 silly fetchPackageMetaData   host: 'registry.npmjs.org',
53 silly fetchPackageMetaData   port: 443 }
54 silly get cb [ 304, undefined ]
55 verbose etag https://registry.npmjs.org/socket.io from cache
56 verbose get saving socket.io to /Users/abdullah/.npm/registry.npmjs.org/socket.io/.cache.json
57 silly resolveWithNewModule socket.io@1.4.8 checking installable status
58 silly cache add args [ 'socket.io@^1.4.8', null ]
59 verbose cache add spec socket.io@^1.4.8
60 silly cache add parsed spec Result {
60 silly cache add   raw: 'socket.io@^1.4.8',
60 silly cache add   scope: null,
60 silly cache add   name: 'socket.io',
60 silly cache add   rawSpec: '^1.4.8',
60 silly cache add   spec: '>=1.4.8 <2.0.0',
60 silly cache add   type: 'range' }
61 silly addNamed socket.io@>=1.4.8 <2.0.0
62 verbose addNamed ">=1.4.8 <2.0.0" is a valid semver range for socket.io
63 silly addNameRange { name: 'socket.io', range: '>=1.4.8 <2.0.0', hasData: false }
64 silly mapToRegistry name socket.io
65 silly mapToRegistry using default registry
66 silly mapToRegistry registry https://registry.npmjs.org/
67 silly mapToRegistry uri https://registry.npmjs.org/socket.io
68 verbose addNameRange registry:https://registry.npmjs.org/socket.io not in flight; fetching
69 verbose get https://registry.npmjs.org/socket.io not expired, no request
70 silly addNameRange number 2 { name: 'socket.io', range: '>=1.4.8 <2.0.0', hasData: true }
71 silly addNameRange versions [ 'socket.io',
71 silly addNameRange   [ '0.3.8',
71 silly addNameRange     '0.4.0',
71 silly addNameRange     '0.4.1',
71 silly addNameRange     '0.5.1',
71 silly addNameRange     '0.5.3',
71 silly addNameRange     '0.6.0',
71 silly addNameRange     '0.6.1',
71 silly addNameRange     '0.6.3',
71 silly addNameRange     '0.6.4',
71 silly addNameRange     '0.6.5',
71 silly addNameRange     '0.6.6',
71 silly addNameRange     '0.6.7',
71 silly addNameRange     '0.6.8',
71 silly addNameRange     '0.6.9',
71 silly addNameRange     '0.6.10',
71 silly addNameRange     '0.6.11',
71 silly addNameRange     '0.6.12',
71 silly addNameRange     '0.6.14',
71 silly addNameRange     '0.6.15',
71 silly addNameRange     '0.6.16',
71 silly addNameRange     '0.6.17',
71 silly addNameRange     '0.6.18',
71 silly addNameRange     '0.7.0',
71 silly addNameRange     '0.7.1',
71 silly addNameRange     '0.7.2',
71 silly addNameRange     '0.7.3',
71 silly addNameRange     '0.7.4',
71 silly addNameRange     '0.7.5',
71 silly addNameRange     '0.7.6',
71 silly addNameRange     '0.7.7',
71 silly addNameRange     '0.7.8',
71 silly addNameRange     '0.7.9',
71 silly addNameRange     '0.7.10',
71 silly addNameRange     '0.7.11',
71 silly addNameRange     '0.8.0',
71 silly addNameRange     '0.8.1',
71 silly addNameRange     '0.8.2',
71 silly addNameRange     '0.8.3',
71 silly addNameRange     '0.8.4',
71 silly addNameRange     '0.8.5',
71 silly addNameRange     '0.8.6',
71 silly addNameRange     '0.8.7',
71 silly addNameRange     '0.9.0',
71 silly addNameRange     '0.9.1',
71 silly addNameRange     '0.9.1-1',
71 silly addNameRange     '0.9.2',
71 silly addNameRange     '0.9.3',
71 silly addNameRange     '0.9.4',
71 silly addNameRange     '0.9.5',
71 silly addNameRange     '0.9.6',
71 silly addNameRange     '0.9.7',
71 silly addNameRange     '0.9.8',
71 silly addNameRange     '0.9.9',
71 silly addNameRange     '0.9.10',
71 silly addNameRange     '0.9.11',
71 silly addNameRange     '0.9.12',
71 silly addNameRange     '0.9.13',
71 silly addNameRange     '0.9.14',
71 silly addNameRange     '0.9.15',
71 silly addNameRange     '0.9.16',
71 silly addNameRange     '1.0.0-pre',
71 silly addNameRange     '1.0.0-pre2',
71 silly addNameRange     '1.0.0-pre3',
71 silly addNameRange     '1.0.0-pre4',
71 silly addNameRange     '1.0.0-pre5',
71 silly addNameRange     '0.9.17',
71 silly addNameRange     '1.0.0',
71 silly addNameRange     '1.0.1',
71 silly addNameRange     '1.0.2',
71 silly addNameRange     '1.0.3',
71 silly addNameRange     '1.0.4',
71 silly addNameRange     '1.0.5',
71 silly addNameRange     '1.0.6',
71 silly addNameRange     '1.1.0',
71 silly addNameRange     '1.2.0',
71 silly addNameRange     '1.2.1',
71 silly addNameRange     '1.3.0',
71 silly addNameRange     '1.3.1',
71 silly addNameRange     '1.3.2',
71 silly addNameRange     '1.3.3',
71 silly addNameRange     '1.3.4',
71 silly addNameRange     '1.3.5',
71 silly addNameRange     '1.3.6',
71 silly addNameRange     '1.3.7',
71 silly addNameRange     '1.4.0',
71 silly addNameRange     '1.4.1',
71 silly addNameRange     '1.4.2',
71 silly addNameRange     '1.4.3',
71 silly addNameRange     '1.4.4',
71 silly addNameRange     '1.4.5',
71 silly addNameRange     '1.4.6',
71 silly addNameRange     '1.4.7',
71 silly addNameRange     '1.4.8' ] ]
72 silly addNamed socket.io@1.4.8
73 verbose addNamed "1.4.8" is a plain semver version for socket.io
74 silly mapToRegistry name socket.io
75 silly mapToRegistry using default registry
76 silly mapToRegistry registry https://registry.npmjs.org/
77 silly mapToRegistry uri https://registry.npmjs.org/socket.io
78 verbose addRemoteTarball https://registry.npmjs.org/socket.io/-/socket.io-1.4.8.tgz not in flight; adding
79 verbose addRemoteTarball [ 'https://registry.npmjs.org/socket.io/-/socket.io-1.4.8.tgz',
79 verbose addRemoteTarball   'e576f330cd0bed64e55b3fd26df991141884867b' ]
80 info retry fetch attempt 1 at 3:38:07 PM
81 info attempt registry request try #1 at 3:38:07 PM
82 http fetch GET https://registry.npmjs.org/socket.io/-/socket.io-1.4.8.tgz
83 info retry will retry, error on last attempt: Error: getaddrinfo ENOTFOUND registry.npmjs.org registry.npmjs.org:443
84 info attempt registry request try #2 at 3:38:47 PM
85 http fetch GET https://registry.npmjs.org/socket.io/-/socket.io-1.4.8.tgz
86 info retry will retry, error on last attempt: Error: getaddrinfo ENOTFOUND registry.npmjs.org registry.npmjs.org:443
87 info attempt registry request try #3 at 3:40:17 PM
88 http fetch GET https://registry.npmjs.org/socket.io/-/socket.io-1.4.8.tgz
89 http fetch 200 https://registry.npmjs.org/socket.io/-/socket.io-1.4.8.tgz
90 silly fetchAndShaCheck shasum e576f330cd0bed64e55b3fd26df991141884867b
91 verbose addTmpTarball /var/folders/ry/70grn7k57hxd06t2n7h67z3c0000gn/T/npm-1656-b665207c/registry.npmjs.org/socket.io/-/socket.io-1.4.8.tgz not in flight; adding
92 verbose addTmpTarball already have metadata; skipping unpack for socket.io@1.4.8
93 silly cache afterAdd socket.io@1.4.8
94 verbose afterAdd /Users/abdullah/.npm/socket.io/1.4.8/package/package.json not in flight; writing
95 verbose afterAdd /Users/abdullah/.npm/socket.io/1.4.8/package/package.json written
96 silly rollbackFailedOptional Starting
97 silly rollbackFailedOptional Finishing
98 silly runTopLevelLifecycles Starting
99 silly runTopLevelLifecycles Finishing
100 silly install printInstalled
101 verbose stack Error: getaddrinfo ENOTFOUND registry.npmjs.org registry.npmjs.org:443
101 verbose stack     at errnoException (dns.js:26:10)
101 verbose stack     at GetAddrInfoReqWrap.onlookup [as oncomplete] (dns.js:77:26)
102 verbose cwd /Users/abdullah/Documents/GitHub/asquare
103 error Darwin 15.5.0
104 error argv "/usr/local/bin/node" "/usr/local/bin/npm" "install" "-d"
105 error node v5.0.0
106 error npm  v3.3.6
107 error code ENOTFOUND
108 error errno ENOTFOUND
109 error syscall getaddrinfo
110 error network getaddrinfo ENOTFOUND registry.npmjs.org registry.npmjs.org:443
110 error network This is most likely not a problem with npm itself
110 error network and is related to network connectivity.
110 error network In most cases you are behind a proxy or have bad network settings.
110 error network
110 error network If you are behind a proxy, please make sure that the
110 error network 'proxy' config is set properly.  See: 'npm help config'
111 verbose exit [ 1, true ]
